[2024-12-04T14:07:48.867Z] - ERROR: Error: Failed to load config
[2024-12-04T14:07:49.220Z] - ERROR: Error: Failed to load config
[2024/12/4] - ERROR: Error: Failed to load config
[2024/12/4] - ERROR: Error: Failed to load config
[2024/12/04 22:19:36] - ERROR: Error: Failed to load config
[2024/12/04 22:19:36] - ERROR: Error: Failed to load config
[2024/12/04 22:20:27] - Error: Failed to load config
[2024/12/04 22:20:27] - Error: Failed to load config
[2024/12/05 08:52:11] - Error: ENOENT: no such file or directory, open 'D:\GitHub\local-nas\settings.json'
[2024/12/05 08:52:12] - Error: ENOENT: no such file or directory, open 'D:\GitHub\local-nas\settings.json'
[2024/12/05 08:52:44] - Error: ENOENT: no such file or directory, open 'D:\GitHub\local-nas\settings.json'
[2024/12/05 08:53:36] - ?????Error: ENOENT: no such file or directory, open 'D:\GitHub\local-nas\settings.json'
[2024/12/05 08:53:52] - ?????Error: ENOENT: no such file or directory, open 'D:\GitHub\local-nas\settings.json'
[2024/12/05 09:00:50] - Error: Failed to read config file
[2024/12/05 09:02:51] - Error: Failed to read config file
[2024/12/05 09:03:09] - Error: Failed to read config file
[2024/12/05 09:03:28] - Error: Failed to read config file
[2024/12/05 09:03:31] - Error: Failed to read config file
[2024/12/05 09:03:35] - Error: Failed to read config file
[2024/12/05 09:03:43] - Error: Failed to read config file
[2024/12/05 09:24:47] - Error: Failed to read config file
[2024/12/05 16:17:31] - Error: Failed to read config file
[2024/12/05 16:19:08] - Error: Failed to read config file
[2024/12/05 16:19:19] - Error: Failed to read config file
[2024/12/05 16:19:42] - Error: Failed to read config file
[2024/12/05 16:19:43] - Error: Failed to read config file
[2024/12/05 16:20:10] - Error: Failed to read config file
[2024/12/05 16:20:23] - Error: Failed to read config file
[2024/12/05 16:20:29] - Error: Failed to read config file
[2024/12/05 16:21:00] - Error: Failed to read config file
